0 info it worked if it ends with ok
1 verbose cli [ 'C:\\Program Files\\nodejs\\node.exe',
1 verbose cli   'C:\\Users\\Hassan\\AppData\\Roaming\\npm\\node_modules\\npm\\bin\\npm-cli.js',
1 verbose cli   'run',
1 verbose cli   'dev' ]
2 info using npm@3.10.9
3 info using node@v8.4.0
4 verbose run-script [ 'predev', 'dev', 'postdev' ]
5 info lifecycle mas-app-seed@1.0.0~predev: mas-app-seed@1.0.0
6 silly lifecycle mas-app-seed@1.0.0~predev: no script for predev, continuing
7 info lifecycle mas-app-seed@1.0.0~dev: mas-app-seed@1.0.0
8 verbose lifecycle mas-app-seed@1.0.0~dev: unsafe-perm in lifecycle true
9 verbose lifecycle mas-app-seed@1.0.0~dev: PATH: C:\Users\Hassan\AppData\Roaming\npm\node_modules\npm\bin\node-gyp-bin;D:\Projects\MasSolutionJS\MasEnterprise\SuezMobileApp\node_modules\.bin;D:\app\Hassan\product\11.1.0\db_3\bin;C:\Program Files (x86)\Common Files\TEC-IT\TBarCode\11.2\;C:\Program Files\Common Files\TEC-IT\TBarCode\11.2\;C:\app\Hassan\product\11.2.0\client_1\bin;C:\Windows\system32;C:\Windows;C:\Windows\System32\Wbem;C:\Windows\System32\WindowsPowerShell\v1.0\;C:\Program Files (x86)\Git\cmd;C:\Program Files (x86)\Git\bin;C:\Program Files (x86)\Microsoft SQL Server\100\Tools\Binn\;C:\Program Files (x86)\Microsoft SQL Server\100\DTS\Binn\;C:\Program Files (x86)\Microsoft SQL Server\100\Tools\Binn\VSShell\Common7\IDE\;C:\Program Files (x86)\Microsoft Visual Studio 9.0\Common7\IDE\PrivateAssemblies\;C:\Windows\system32\config\systemprofile\.dnx\bin;C:\Program Files\Microsoft DNX\Dnvm\;C:\Program Files (x86)\Windows Kits\8.1\Windows Performance Toolkit\;C:\Program Files\Microsoft SQL Server\120\Tools\Binn\;C:\Program Files\Sybase\SQL Anywhere 9\x64;C:\Program Files\Sybase\SQL Anywhere 9\win32;C:\Program Files\Sybase\Shared\win32;C:\Program Files\Sybase\Shared\Sybase Central 4.3\win32;C:\Python27\;C:\Users\Hassan\AppData\Local\atom\bin;C:\ProgramData\chocolatey\bin;C:\oracle\InstantClient;C:\tools\python2;C:\Program Files (x86)\Yarn\bin;C:\Program Files\Git\cmd;C:\Program Files\nodejs\;D:\app\Hassan\product\11.1.0\db_3\bin;D:\androidsdk\tools;D:\androidsdk\platform-tools;C:\Users\Hassan\AppData\Roaming\npm\node_modules;C:\Python27;C:\Users\Hassan\AppData\Local\atom\bin;C:\Program Files (x86)\Microsoft VS Code\bin;C:\Program Files (x86)\Nmap;C:\Users\Hassan\AppData\Local\Yarn\bin;C:\Users\Hassan\AppData\Roaming\npm
10 verbose lifecycle mas-app-seed@1.0.0~dev: CWD: D:\Projects\MasSolutionJS\MasEnterprise\SuezMobileApp
11 silly lifecycle mas-app-seed@1.0.0~dev: Args: [ '/d /s /c',
11 silly lifecycle   'set NODE_ENV=devlopment& webpack-dev-server --port 3000 --config webpack.config.js --hot' ]
12 silly lifecycle mas-app-seed@1.0.0~dev: Returned: code: 3221225786  signal: null
13 info lifecycle mas-app-seed@1.0.0~dev: Failed to exec dev script
14 verbose stack Error: mas-app-seed@1.0.0 dev: `set NODE_ENV=devlopment& webpack-dev-server --port 3000 --config webpack.config.js --hot`
14 verbose stack Exit status 3221225786
14 verbose stack     at EventEmitter.<anonymous> (C:\Users\Hassan\AppData\Roaming\npm\node_modules\npm\lib\utils\lifecycle.js:255:16)
14 verbose stack     at emitTwo (events.js:125:13)
14 verbose stack     at EventEmitter.emit (events.js:213:7)
14 verbose stack     at ChildProcess.<anonymous> (C:\Users\Hassan\AppData\Roaming\npm\node_modules\npm\lib\utils\spawn.js:40:14)
14 verbose stack     at emitTwo (events.js:125:13)
14 verbose stack     at ChildProcess.emit (events.js:213:7)
14 verbose stack     at maybeClose (internal/child_process.js:927:16)
14 verbose stack     at Process.ChildProcess._handle.onexit (internal/child_process.js:211:5)
15 verbose pkgid mas-app-seed@1.0.0
16 verbose cwd D:\Projects\MasSolutionJS\MasEnterprise\SuezMobileApp
17 error Windows_NT 6.1.7601
18 error argv "C:\\Program Files\\nodejs\\node.exe" "C:\\Users\\Hassan\\AppData\\Roaming\\npm\\node_modules\\npm\\bin\\npm-cli.js" "run" "dev"
19 error node v8.4.0
20 error npm  v3.10.9
21 error code ELIFECYCLE
22 error mas-app-seed@1.0.0 dev: `set NODE_ENV=devlopment& webpack-dev-server --port 3000 --config webpack.config.js --hot`
22 error Exit status 3221225786
23 error Failed at the mas-app-seed@1.0.0 dev script 'set NODE_ENV=devlopment& webpack-dev-server --port 3000 --config webpack.config.js --hot'.
23 error Make sure you have the latest version of node.js and npm installed.
23 error If you do, this is most likely a problem with the mas-app-seed package,
23 error not with npm itself.
23 error Tell the author that this fails on your system:
23 error     set NODE_ENV=devlopment& webpack-dev-server --port 3000 --config webpack.config.js --hot
23 error You can get information on how to open an issue for this project with:
23 error     npm bugs mas-app-seed
23 error Or if that isn't available, you can get their info via:
23 error     npm owner ls mas-app-seed
23 error There is likely additional logging output above.
24 verbose exit [ 1, true ]
